结果: 四十二 条日志
11:49:56.018 INFO  [ Action ] "REMOTEMEETING_API/INIT_REMOTE_MEETING_WITH_STATE/REQUEST", { 
  member: "[...]",
  type: "teams.meeting.roomcode" }
11:49:56.019 INFO  [ remotemeeting::watchRemoteMeetingInitOperation ] { 
  meta: [ 
    { 
      member: [],
      type: "teams.meeting.roomcode" } ],
  payload: { 
    member: [],
    type: "teams.meeting.roomcode" },
  type: "REMOTEMEETING_API/INIT_REMOTE_MEETING_WITH_STATE/REQUEST" }
11:49:56.019 DEBUG [ remotemeeting::watchRemoteMeetingInitOperation:: is the FAST type to openRemoteMeeting ]
11:49:56.021 INFO  [ Action ] "REMOTEMEETING_API/OPEN_MEETING_WINDOW", "{...}"
11:49:56.021 DEBUG [ trackerWatch create entry ] { 
  type: "REMOTEMEETING_API/OPEN_MEETING_WINDOW",
  payload: {} }
11:49:56.024 INFO  [ Action ] "REMOTEMEETING_API/SET_IS_PRO", false
11:49:56.027 DEBUG [ remotemeeting::watchRemoteMeetingWindow::receive Action ] { 
  type: "REMOTEMEETING_API/OPEN_MEETING_WINDOW",
  payload: {} }
11:49:56.046 DEBUG [ OpenRemoteMeetingWindow ] "create the remote meeting window success"
11:49:56.048 DEBUG [ RemoteMeetingWindow::createWindowCloseChannel meetingWindow ] [object BrowserWindow]
11:49:56.759 INFO  [ Action ] "REMOTEMEETING_API/MEETING_WINDOW_DID_MOUNT", undefined
11:49:57.497 INFO  [ Action ] "REMOTEMEETING_API/UPDATE_IN_MEETING_STATE", true
11:49:57.498 DEBUG [ trackerWatch createResult ] { 
  payload: true,
  type: "REMOTEMEETING_API/UPDATE_IN_MEETING_STATE" }, "REMOTEMEETING_API/UPDATE_IN_MEETING_STATE", true
11:49:57.527 DEBUG [ remotemeeting::watchRemoteMeetingInitOperation:: createMeeting is success and response ====>>> ] { 
  payload: "25418369",
  type: "MEETINGCONTROL/UPDATE_MEETING_NUMBER" }
11:50:04.039 WARN  [ callWindowHelper::watchCallMultipleCancelOperation ] "the close remoteMeeting has no call"
11:50:04.666 INFO  [ Action ] "REMOTEMEETING_API/CLOSE_MEETING_WINDOW", undefined
11:50:04.667 DEBUG [ remotemeeting ] "get the meeting roomAlias before close window", undefined
11:50:04.669 INFO  [ Action ] "REMOTEMEETING_API/UPDATE_IN_MEETING_STATE", false
11:50:04.671 DEBUG [ RemoteMeetingWindow ] "remote the listener form meetingWindow close"
11:50:04.676 WARN  [ callWindowHelper::watchCallMultipleCancelOperation ] "the close remoteMeeting has no call"
11:50:04.741 INFO  [ Action ] "REMOTEMEETING_API/UPDATE_IN_MEETING_STATE", false
11:50:17.920 INFO  [ Action ] "REMOTEMEETING_API/INIT_REMOTE_MEETING_WITH_STATE/REQUEST", { 
  member: "[...]",
  type: "teams.meeting.roomcode" }
11:50:17.921 INFO  [ remotemeeting::watchRemoteMeetingInitOperation ] { 
  meta: [ 
    { 
      member: [ 
        "4acca837-7cbe-4247-a586-165cbe5572c4" ],
      type: "teams.meeting.roomcode" } ],
  payload: { 
    member: [ 
      "4acca837-7cbe-4247-a586-165cbe5572c4" ],
    type: "teams.meeting.roomcode" },
  type: "REMOTEMEETING_API/INIT_REMOTE_MEETING_WITH_STATE/REQUEST" }
11:50:17.921 DEBUG [ remotemeeting::watchRemoteMeetingInitOperation:: is the FAST type to openRemoteMeeting ]
11:50:17.922 INFO  [ Action ] "REMOTEMEETING_API/OPEN_MEETING_WINDOW", "{...}"
11:50:17.923 DEBUG [ trackerWatch create entry ] { 
  type: "REMOTEMEETING_API/OPEN_MEETING_WINDOW",
  payload: {} }
11:50:17.925 INFO  [ Action ] "REMOTEMEETING_API/SET_IS_PRO", false
11:50:17.926 DEBUG [ remotemeeting::watchRemoteMeetingWindow::receive Action ] { 
  type: "REMOTEMEETING_API/OPEN_MEETING_WINDOW",
  payload: {} }
11:50:17.944 DEBUG [ OpenRemoteMeetingWindow ] "create the remote meeting window success"
11:50:17.946 DEBUG [ RemoteMeetingWindow::createWindowCloseChannel meetingWindow ] [object BrowserWindow]
11:50:18.437 INFO  [ Action ] "REMOTEMEETING_API/MEETING_WINDOW_DID_MOUNT", undefined
11:50:19.194 INFO  [ Action ] "REMOTEMEETING_API/UPDATE_IN_MEETING_STATE", true
11:50:19.194 DEBUG [ trackerWatch createResult ] { 
  payload: true,
  type: "REMOTEMEETING_API/UPDATE_IN_MEETING_STATE" }, "REMOTEMEETING_API/UPDATE_IN_MEETING_STATE", true
11:50:19.210 DEBUG [ remotemeeting::watchRemoteMeetingInitOperation:: createMeeting is success and response ====>>> ] { 
  payload: "66279143",
  type: "MEETINGCONTROL/UPDATE_MEETING_NUMBER" }
11:50:22.557 DEBUG [ callWindowHelper::watchCallMultipleCancelOperation ] "the close remoteMeeting has active call"
11:50:23.332 INFO  [ Action ] "REMOTEMEETING_API/CLOSE_MEETING_WINDOW", undefined
11:50:23.332 DEBUG [ remotemeeting ] "get the meeting roomAlias before close window", undefined
11:50:23.334 INFO  [ Action ] "REMOTEMEETING_API/UPDATE_IN_MEETING_STATE", false
11:50:23.335 DEBUG [ RemoteMeetingWindow ] "remote the listener form meetingWindow close"
11:50:23.341 WARN  [ callWindowHelper::watchCallMultipleCancelOperation ] "the close remoteMeeting has no call"
11:50:23.395 INFO  [ Action ] "REMOTEMEETING_API/UPDATE_IN_MEETING_STATE", false
11:53:51.484 DEBUG [ App ] "app build env:开发 config ==> ", { 
  server: { 
    API_PROXY: "https://apis-mix.test.maxhub.vip",
    BFF_DOMAIN: "http://pub-uat.test.mindlinker.com",
    SERVER_NAME: "mix",
    OFFICE_PREVIEW: "https://office-preview.maxhub.vip",
    FEEDBACK: "file:///Users/yoix/Desktop/Proj/JobWeb/namor-copy/dist/renderers/feedback.html",
    REMOTEMEETING_MC: "https://apis-mix.test.maxhub.vip/confservice",
    REMOTEMEETING_METRICS: "https://apis-mix.test.maxhub.vip/metrics",
    PIVOT: "https://u.test.maxhub.vip",
    FEEDBACK_DOMAIN: "https://teams.test.maxhub.vip/feedback",
    TODO: undefined },
  about: { 
    downloadUrl: "https://www.mindlinker.com/pc.html",
    policyUrl: "https://www.maxhub.vip/teams-privacy/",
    uaUrl: "https://www.maxhub.vip/teams-ua/" },
  proxyPre: { 
    teams: "/room",
    airdisk: "/airdisk-mix",
    room: "/room",
    pivot: "/pivot",
    todo: "/todo",
    mc: "/confservice",
    call: "/call" },
  thirdParty: { 
    FRIDAY_APP_ID: "466701040badc9c65009d717559df6b7",
    FEEDBACK_PRODUCT_ID: "45d30d2e5c0011e986cff4e9d409b9c4" },
  trayImage: { 
    mac: "dist/renderers/static/images/tray/mac_tray_Template.png",
    win: "dist/renderers/static/images/tray/icon.ico",
    win_notify: "dist/renderers/static/images/tray/icon_notify.png" },
  auth: { 
    clientId: "8a8d8ad2-67b3-4e19-920d-d5b315841736",
    clientSecret: "OGE4ZDhhZDItNjdiMy00ZTE5LTkyMGQtZDViMzE1ODQxNzM2OmRJWkNORmk2QWpSeVVicjA=" },
  wxAppId: "wx96a470e4deb9d4ba",
  wechatRedirectURI: "https://u.maxhub.vip/team-login-wechat",
  phoneDownloadURI: "http://www.mindlinker.com/mobile.html",
  imSecret: "kvEhjEjYtaOOFgHFp4gbSXqYsQfNCLnB",
  imDirectoryId: "06a4afc3-fcb8-475d-8fcc-7295a8670826",
  beautyDllPath: "/Users/yoix/Desktop/Proj/JobWeb/namor-copy/src/binary",
  windowPath: { 
    main: "file:///Users/yoix/Desktop/Proj/JobWeb/namor-copy/dist/renderers/main.html",
    debug: "file:///Users/yoix/Desktop/Proj/JobWeb/namor-copy/dist/renderers/debug.html",
    login: "file:///Users/yoix/Desktop/Proj/JobWeb/namor-copy/dist/renderers/login.html",
    notification: "file:///Users/yoix/Desktop/Proj/JobWeb/namor-copy/dist/renderers/notification.html",
    preview: "file:///Users/yoix/Desktop/Proj/JobWeb/namor-copy/dist/renderers/preview.html",
    updater: "file:///Users/yoix/Desktop/Proj/JobWeb/namor-copy/dist/renderers/updater.html",
    remote: "file:///Users/yoix/Desktop/Proj/JobWeb/namor-copy/dist/renderers/remote-meeting.html",
    summary: "file:///Users/yoix/Desktop/Proj/JobWeb/namor-copy/dist/renderers/summary.html",
    registerSuccess: "file:///Users/yoix/Desktop/Proj/JobWeb/namor-copy/dist/renderers/registerSuccess.html",
    aircastToolbar: "file:///Users/yoix/Desktop/Proj/JobWeb/namor-copy/dist/renderers/aircastToolbar.html",
    shareDesktopToolbar: "file:///Users/yoix/Desktop/Proj/JobWeb/namor-copy/dist/renderers/shareDesktopToolbar.html",
    speakerView: "file:///Users/yoix/Desktop/Proj/JobWeb/namor-copy/dist/renderers/speakerView.html",
    protocol: "file:///Users/yoix/Desktop/Proj/JobWeb/namor-copy/dist/renderers/protocol.html" },
  version: { 
    mainVersion: "2.4.2",
    frontEndCommit: "11dfbd75221a03dc022c7935486a96767a1d1b6e",
    frontEndGitCount: "2974" },
  resource: { 
    audio: { 
      test: "file:///Users/yoix/Desktop/Proj/JobWeb/namor-copy/dist/renderers/static/images/audio/TestSound.mp3" } } }
11:55:23.625 DEBUG [ App ] "app build env:开发 config ==> ", { 
  server: { 
    API_PROXY: "https://apis-mix.test.maxhub.vip",
    BFF_DOMAIN: "http://pub-uat.test.mindlinker.com",
    SERVER_NAME: "mix",
    OFFICE_PREVIEW: "https://office-preview.maxhub.vip",
    FEEDBACK: "file:///Users/yoix/Desktop/Proj/JobWeb/namor-copy/dist/renderers/feedback.html",
    REMOTEMEETING_MC: "https://apis-mix.test.maxhub.vip/confservice",
    REMOTEMEETING_METRICS: "https://apis-mix.test.maxhub.vip/metrics",
    PIVOT: "https://u.test.maxhub.vip",
    FEEDBACK_DOMAIN: "https://teams.test.maxhub.vip/feedback",
    TODO: undefined },
  about: { 
    downloadUrl: "https://www.mindlinker.com/pc.html",
    policyUrl: "https://www.maxhub.vip/teams-privacy/",
    uaUrl: "https://www.maxhub.vip/teams-ua/" },
  proxyPre: { 
    teams: "/room",
    airdisk: "/airdisk-mix",
    room: "/room",
    pivot: "/pivot",
    todo: "/todo",
    mc: "/confservice",
    call: "/call" },
  thirdParty: { 
    FRIDAY_APP_ID: "466701040badc9c65009d717559df6b7",
    FEEDBACK_PRODUCT_ID: "45d30d2e5c0011e986cff4e9d409b9c4" },
  trayImage: { 
    mac: "dist/renderers/static/images/tray/mac_tray_Template.png",
    win: "dist/renderers/static/images/tray/icon.ico",
    win_notify: "dist/renderers/static/images/tray/icon_notify.png" },
  auth: { 
    clientId: "8a8d8ad2-67b3-4e19-920d-d5b315841736",
    clientSecret: "OGE4ZDhhZDItNjdiMy00ZTE5LTkyMGQtZDViMzE1ODQxNzM2OmRJWkNORmk2QWpSeVVicjA=" },
  wxAppId: "wx96a470e4deb9d4ba",
  wechatRedirectURI: "https://u.maxhub.vip/team-login-wechat",
  phoneDownloadURI: "http://www.mindlinker.com/mobile.html",
  imSecret: "kvEhjEjYtaOOFgHFp4gbSXqYsQfNCLnB",
  imDirectoryId: "06a4afc3-fcb8-475d-8fcc-7295a8670826",
  beautyDllPath: "/Users/yoix/Desktop/Proj/JobWeb/namor-copy/src/binary",
  windowPath: { 
    main: "file:///Users/yoix/Desktop/Proj/JobWeb/namor-copy/dist/renderers/main.html",
    debug: "file:///Users/yoix/Desktop/Proj/JobWeb/namor-copy/dist/renderers/debug.html",
    login: "file:///Users/yoix/Desktop/Proj/JobWeb/namor-copy/dist/renderers/login.html",
    notification: "file:///Users/yoix/Desktop/Proj/JobWeb/namor-copy/dist/renderers/notification.html",
    preview: "file:///Users/yoix/Desktop/Proj/JobWeb/namor-copy/dist/renderers/preview.html",
    updater: "file:///Users/yoix/Desktop/Proj/JobWeb/namor-copy/dist/renderers/updater.html",
    remote: "file:///Users/yoix/Desktop/Proj/JobWeb/namor-copy/dist/renderers/remote-meeting.html",
    summary: "file:///Users/yoix/Desktop/Proj/JobWeb/namor-copy/dist/renderers/summary.html",
    registerSuccess: "file:///Users/yoix/Desktop/Proj/JobWeb/namor-copy/dist/renderers/registerSuccess.html",
    aircastToolbar: "file:///Users/yoix/Desktop/Proj/JobWeb/namor-copy/dist/renderers/aircastToolbar.html",
    shareDesktopToolbar: "file:///Users/yoix/Desktop/Proj/JobWeb/namor-copy/dist/renderers/shareDesktopToolbar.html",
    speakerView: "file:///Users/yoix/Desktop/Proj/JobWeb/namor-copy/dist/renderers/speakerView.html",
    protocol: "file:///Users/yoix/Desktop/Proj/JobWeb/namor-copy/dist/renderers/protocol.html" },
  version: { 
    mainVersion: "2.4.2",
    frontEndCommit: "11dfbd75221a03dc022c7935486a96767a1d1b6e",
    frontEndGitCount: "2974" },
  resource: { 
    audio: { 
      test: "file:///Users/yoix/Desktop/Proj/JobWeb/namor-copy/dist/renderers/static/images/audio/TestSound.mp3" } } }